<?xml version="1.0" encoding="UTF-8"?>
<!-- Generated by org.testng.reporters.JUnitReportReporter -->
<testsuite hostname="LAPTOP-TQ6ATEIH" failures="0" tests="1" name="tests.PostApiTest" time="3.206" errors="0" timestamp="2024-02-25T18:31:25 GMT-05:00" skipped="0">
  <testcase classname="tests.PostApiTest" name="postApiTest" time="3.206"/>
</testsuite> <!-- tests.PostApiTest -->
