<?xml version="1.0" encoding="UTF-8"?>
<!-- Generated by org.testng.reporters.JUnitReportReporter -->
<testsuite hostname="LAPTOP-TQ6ATEIH" failures="0" tests="2" name="tests.GetApiTest" time="2.370" errors="0" timestamp="2024-02-24T14:46:01 GMT-05:00" skipped="0">
  <testcase classname="tests.GetApiTest" name="getAPITestwithHeaders" time="0.405"/>
  <testcase classname="tests.GetApiTest" name="getAPITest" time="1.965"/>
</testsuite> <!-- tests.GetApiTest -->
