<?xml version="1.0" encoding="UTF-8"?>
<!-- Generated by org.testng.reporters.JUnitReportReporter -->
<testsuite hostname="LAPTOP-TQ6ATEIH" failures="0" tests="4" name="selenium.LoginPageTest" time="39.316" errors="0" timestamp="2024-02-12T09:17:19 GMT-05:00" skipped="0">
  <testcase classname="selenium.LoginPageTest" name="loginwithemail" time="10.342"/>
  <testcase classname="selenium.LoginPageTest" name="loginwithwrongemail" time="9.332"/>
  <testcase classname="selenium.LoginPageTest" name="loginwithoutemail" time="10.056"/>
  <testcase classname="selenium.LoginPageTest" name="verifytitletext" time="9.586"/>
</testsuite> <!-- selenium.LoginPageTest -->
